<?xml version="1.0" encoding="UTF-8"?>
<!-- Generated by org.testng.reporters.JUnitReportReporter -->
<testsuite skipped="0" hostname="KMATH-LAP" name="qagrpId.NewTest2" tests="1" failures="0" timestamp="31 Dec 2018 14:00:21 GMT" time="18.898" errors="0">
  <testcase name="f" time="18.898" classname="qagrpId.NewTest2"/>
</testsuite> <!-- qagrpId.NewTest2 -->
