<?xml version="1.0" encoding="UTF-8"?>
<!-- Generated by org.testng.reporters.JUnitReportReporter -->
<testsuite skipped="0" hostname="KMATH-LAP" name="qagrpId.NewTest1" tests="3" failures="0" timestamp="31 Dec 2018 14:00:21 GMT" time="25.612" errors="0">
  <testcase name="search" time="25.603" classname="qagrpId.NewTest1"/>
  <testcase name="f" time="0.007" classname="qagrpId.NewTest1"/>
  <testcase name="f" time="0.002" classname="qagrpId.NewTest1"/>
</testsuite> <!-- qagrpId.NewTest1 -->
