<?xml version="1.0" encoding="UTF-8"?>
<!-- Generated by org.testng.reporters.JUnitReportReporter -->
<testsuite skipped="0" hostname="KMATH-LAP" name="qagrpId.AppTest" tests="1" failures="0" timestamp="01 Jan 2019 18:07:03 GMT" time="0.000" errors="0">
  <testcase name="shouldAnswerWithTrue" time="0.000" classname="qagrpId.AppTest"/>
</testsuite> <!-- qagrpId.AppTest -->
