<?xml version="1.0" encoding="UTF-8"?>
<!-- Generated by org.testng.reporters.JUnitReportReporter -->
<testsuite skipped="0" hostname="KMATH-LAP" name="qagrpId.NewTest1" tests="3" failures="0" timestamp="01 Jan 2019 18:30:44 GMT" time="9.531" errors="0">
  <testcase name="search" time="9.527" classname="qagrpId.NewTest1"/>
  <testcase name="f" time="0.001" classname="qagrpId.NewTest1"/>
  <testcase name="f" time="0.003" classname="qagrpId.NewTest1"/>
</testsuite> <!-- qagrpId.NewTest1 -->
