<?xml version="1.0" encoding="UTF-8"?>
<!-- Generated by org.testng.reporters.JUnitReportReporter -->
<testsuite skipped="0" hostname="KMATH-LAP" name="qagrpId.NewTest2" tests="1" failures="0" timestamp="01 Jan 2019 18:30:44 GMT" time="4.755" errors="0">
  <testcase name="f" time="4.755" classname="qagrpId.NewTest2"/>
</testsuite> <!-- qagrpId.NewTest2 -->
